<?xml version="1.0" encoding="UTF-8"?>
<!-- Generated by org.testng.reporters.JUnitXMLReporter -->
<testsuite hostname="Nasar-MacBook-Air.local" ignored="6" name="Test" tests="9" failures="1" timestamp="2022-06-13T18:50:32 IST" time="53.07" errors="0">
  <testcase name="verify_App" time="2.409" classname="Appium_Andriod_Automation.LoginTest">
    <failure type="org.openqa.selenium.NoSuchElementException" message="Can&amp;apos;t locate an element by this strategy: By.chained({By.id: com.androidsample.generalstore:id/toolbar_title})">
      <![CDATA[org.openqa.selenium.NoSuchElementException: Can't locate an element by this strategy: By.chained({By.id: com.androidsample.generalstore:id/toolbar_title})
at io.appium.java_client.pagefactory.AppiumElementLocator.findElement(AppiumElementLocator.java:126)
at io.appium.java_client.pagefactory.interceptors.InterceptorOfASingleElement.intercept(InterceptorOfASingleElement.java:59)
at io.appium.java_client.android.AndroidElement$$EnhancerByCGLIB$$b598166c.isDisplayed(<generated>)
at Appium_Andriod_Automation.LoginTest.verify_App(LoginTest.java:33)
at java.util.ArrayList.forEach(ArrayList.java:1257)
Caused by: org.openqa.selenium.TimeoutException: Expected condition failed: waiting for io.appium.java_client.pagefactory.AppiumElementLocator$WaitingFunction@39a8312f (tried for 1 second(s) with 500 milliseconds interval)
at org.openqa.selenium.support.ui.FluentWait.timeoutException(FluentWait.java:304)
at org.openqa.selenium.support.ui.FluentWait.until(FluentWait.java:272)
at io.appium.java_client.pagefactory.AppiumElementLocator.waitFor(AppiumElementLocator.java:99)
at io.appium.java_client.pagefactory.AppiumElementLocator.findElement(AppiumElementLocator.java:119)
... 31 more
Caused by: org.openqa.selenium.NoSuchElementException: Cannot locate an element using By.chained({By.id: com.androidsample.generalstore:id/toolbar_title})
For documentation on this error, please visit: http://seleniumhq.org/exceptions/no_such_element.html
Build info: version: '3.141.5', revision: 'd54ebd709a', time: '2018-11-06T11:42:16'
System info: host: 'Nasar-MacBook-Air.local', ip: 'fe80:0:0:0:c2:621:a036:8001%en0', os.name: 'Mac OS X', os.arch: 'x86_64', os.version: '10.15.1', java.version: '1.8.0_212'
Driver info: driver.version: AndroidDriver
at io.appium.java_client.pagefactory.bys.builder.ByChained.findElement(ByChained.java:74)
at org.openqa.selenium.remote.RemoteWebDriver.findElement(RemoteWebDriver.java:315)
at io.appium.java_client.DefaultGenericMobileDriver.findElement(DefaultGenericMobileDriver.java:58)
at io.appium.java_client.AppiumDriver.findElement(AppiumDriver.java:1)
at io.appium.java_client.android.AndroidDriver.findElement(AndroidDriver.java:1)
at io.appium.java_client.pagefactory.bys.ContentMappedBy.findElement(ContentMappedBy.java:50)
at org.openqa.selenium.remote.RemoteWebDriver.findElement(RemoteWebDriver.java:315)
at io.appium.java_client.DefaultGenericMobileDriver.findElement(DefaultGenericMobileDriver.java:58)
at io.appium.java_client.AppiumDriver.findElement(AppiumDriver.java:1)
at io.appium.java_client.android.AndroidDriver.findElement(AndroidDriver.java:1)
at io.appium.java_client.pagefactory.AppiumElementLocator.lambda$0(AppiumElementLocator.java:120)
at io.appium.java_client.pagefactory.AppiumElementLocator$WaitingFunction.apply(AppiumElementLocator.java:172)
at io.appium.java_client.pagefactory.AppiumElementLocator$WaitingFunction.apply(AppiumElementLocator.java:1)
at org.openqa.selenium.support.ui.FluentWait.until(FluentWait.java:249)
... 33 more
... Removed 27 stack frames]]>
    </failure>
  </testcase> <!-- verify_App -->
  <testcase name="verify_select_country_dropdown" time="2.204" classname="Appium_Andriod_Automation.LoginTest"/>
  <testcase name="verify_name_field" time="1.3" classname="Appium_Andriod_Automation.LoginTest"/>
  <testcase name="verify_gender_radio_button" time="0.96" classname="Appium_Andriod_Automation.LoginTest"/>
  <testcase name="verify_Lets_Shop_button" time="1.525" classname="Appium_Andriod_Automation.LoginTest"/>
  <testcase name="verify_add_to_cart" time="9.876" classname="Appium_Andriod_Automation.Product_List_Page_Test"/>
  <testcase name="verify_scroll_down" time="21.799" classname="Appium_Andriod_Automation.Product_List_Page_Test"/>
  <testcase name="verify_remove_product" time="10.744" classname="Appium_Andriod_Automation.Checkout_Test"/>
  <testcase name="verify_checkbox" time="0.813" classname="Appium_Andriod_Automation.Checkout_Test"/>
  <testcase name="@BeforeSuite BeforeSuite" time="0.0" classname="utils.Base_Class">
    <ignored/>
  </testcase> <!-- @BeforeSuite BeforeSuite -->
  <testcase name="@BeforeSuite BeforeSuite" time="0.0" classname="utils.Base_Class">
    <ignored/>
  </testcase> <!-- @BeforeSuite BeforeSuite -->
  <testcase name="@AfterSuite AfterSuite" time="0.0" classname="utils.Base_Class">
    <ignored/>
  </testcase> <!-- @AfterSuite AfterSuite -->
  <testcase name="@AfterSuite AfterSuite" time="0.0" classname="utils.Base_Class">
    <ignored/>
  </testcase> <!-- @AfterSuite AfterSuite -->
  <testcase name="@BeforeSuite setUp" time="0.0" classname="utils.Base_Class">
    <ignored/>
  </testcase> <!-- @BeforeSuite setUp -->
  <testcase name="@BeforeSuite setUp" time="0.0" classname="utils.Base_Class">
    <ignored/>
  </testcase> <!-- @BeforeSuite setUp -->
</testsuite> <!-- Test -->
