<?xml version="1.0" encoding="UTF-8"?>
<testng-results skipped="0" failed="1" ignored="6" total="15" passed="8">
  <reporter-output>
  </reporter-output>
  <suite name="Suite" duration-ms="53070" started-at="2022-06-13T18:49:38 IST" finished-at="2022-06-13T18:50:32 IST">
    <groups>
    </groups>
    <test name="Test" duration-ms="53070" started-at="2022-06-13T18:49:38 IST" finished-at="2022-06-13T18:50:32 IST">
      <class name="Appium_Andriod_Automation.Checkout_Test">
        <test-method status="PASS" signature="verify_remove_product()[pri:7, instance:Appium_Andriod_Automation.Checkout_Test@55040f2f]" name="verify_remove_product" duration-ms="10744" started-at="2022-06-13T18:50:20 IST" finished-at="2022-06-13T18:50:31 IST">
          <reporter-output>
          </reporter-output>
        </test-method> <!-- verify_remove_product -->
        <test-method status="PASS" signature="verify_checkbox()[pri:8, instance:Appium_Andriod_Automation.Checkout_Test@55040f2f]" name="verify_checkbox" duration-ms="813" started-at="2022-06-13T18:50:31 IST" finished-at="2022-06-13T18:50:32 IST">
          <reporter-output>
          </reporter-output>
        </test-method> <!-- verify_checkbox -->
      </class> <!-- Appium_Andriod_Automation.Checkout_Test -->
      <class name="Appium_Andriod_Automation.Product_List_Page_Test">
        <test-method status="PASS" signature="verify_add_to_cart()[pri:5, instance:Appium_Andriod_Automation.Product_List_Page_Test@157632c9]" name="verify_add_to_cart" duration-ms="9876" started-at="2022-06-13T18:49:48 IST" finished-at="2022-06-13T18:49:58 IST">
          <reporter-output>
          </reporter-output>
        </test-method> <!-- verify_add_to_cart -->
        <test-method status="PASS" signature="verify_scroll_down()[pri:6, instance:Appium_Andriod_Automation.Product_List_Page_Test@157632c9]" name="verify_scroll_down" duration-ms="21799" started-at="2022-06-13T18:49:58 IST" finished-at="2022-06-13T18:50:20 IST">
          <reporter-output>
          </reporter-output>
        </test-method> <!-- verify_scroll_down -->
      </class> <!-- Appium_Andriod_Automation.Product_List_Page_Test -->
      <class name="Appium_Andriod_Automation.LoginTest">
        <test-method status="PASS" signature="BeforeSuite()[pri:0, instance:Appium_Andriod_Automation.LoginTest@4c40b76e]" name="BeforeSuite" is-config="true" duration-ms="297" started-at="2022-06-13T18:49:24 IST" finished-at="2022-06-13T18:49:25 IST">
          <reporter-output>
          </reporter-output>
        </test-method> <!-- BeforeSuite -->
        <test-method status="PASS" signature="setUp()[pri:0, instance:Appium_Andriod_Automation.LoginTest@4c40b76e]" name="setUp" is-config="true" duration-ms="13766" started-at="2022-06-13T18:49:25 IST" finished-at="2022-06-13T18:49:38 IST">
          <reporter-output>
          </reporter-output>
        </test-method> <!-- setUp -->
        <test-method status="FAIL" signature="verify_App()[pri:0, instance:Appium_Andriod_Automation.LoginTest@4c40b76e]" name="verify_App" duration-ms="2409" started-at="2022-06-13T18:49:39 IST" finished-at="2022-06-13T18:49:41 IST">
          <exception class="org.openqa.selenium.NoSuchElementException">
            <message>
              <![CDATA[Can't locate an element by this strategy: By.chained({By.id: com.androidsample.generalstore:id/toolbar_title})]]>
            </message>
            <full-stacktrace>
              <![CDATA[org.openqa.selenium.NoSuchElementException: Can't locate an element by this strategy: By.chained({By.id: com.androidsample.generalstore:id/toolbar_title})
at io.appium.java_client.pagefactory.AppiumElementLocator.findElement(AppiumElementLocator.java:126)
at io.appium.java_client.pagefactory.interceptors.InterceptorOfASingleElement.intercept(InterceptorOfASingleElement.java:59)
at io.appium.java_client.android.AndroidElement$$EnhancerByCGLIB$$b598166c.isDisplayed(<generated>)
at Appium_Andriod_Automation.LoginTest.verify_App(LoginTest.java:33)
at sun.reflect.NativeMethodAccessorImpl.invoke0(Native Method)
at sun.reflect.NativeMethodAccessorImpl.invoke(NativeMethodAccessorImpl.java:62)
at sun.reflect.DelegatingMethodAccessorImpl.invoke(DelegatingMethodAccessorImpl.java:43)
at java.lang.reflect.Method.invoke(Method.java:498)
at org.testng.internal.MethodInvocationHelper.invokeMethod(MethodInvocationHelper.java:133)
at org.testng.internal.TestInvoker.invokeMethod(TestInvoker.java:598)
at org.testng.internal.TestInvoker.invokeTestMethod(TestInvoker.java:173)
at org.testng.internal.MethodRunner.runInSequence(MethodRunner.java:46)
at org.testng.internal.TestInvoker$MethodInvocationAgent.invoke(TestInvoker.java:824)
at org.testng.internal.TestInvoker.invokeTestMethods(TestInvoker.java:146)
at org.testng.internal.TestMethodWorker.invokeTestMethods(TestMethodWorker.java:146)
at org.testng.internal.TestMethodWorker.run(TestMethodWorker.java:128)
at java.util.ArrayList.forEach(ArrayList.java:1257)
at org.testng.TestRunner.privateRun(TestRunner.java:794)
at org.testng.TestRunner.run(TestRunner.java:596)
at org.testng.SuiteRunner.runTest(SuiteRunner.java:377)
at org.testng.SuiteRunner.runSequentially(SuiteRunner.java:371)
at org.testng.SuiteRunner.privateRun(SuiteRunner.java:332)
at org.testng.SuiteRunner.run(SuiteRunner.java:276)
at org.testng.SuiteRunnerWorker.runSuite(SuiteRunnerWorker.java:53)
at org.testng.SuiteRunnerWorker.run(SuiteRunnerWorker.java:96)
at org.testng.TestNG.runSuitesSequentially(TestNG.java:1212)
at org.testng.TestNG.runSuitesLocally(TestNG.java:1134)
at org.testng.TestNG.runSuites(TestNG.java:1063)
at org.testng.TestNG.run(TestNG.java:1031)
at org.testng.remote.AbstractRemoteTestNG.run(AbstractRemoteTestNG.java:115)
at org.testng.remote.RemoteTestNG.initAndRun(RemoteTestNG.java:251)
at org.testng.remote.RemoteTestNG.main(RemoteTestNG.java:77)
Caused by: org.openqa.selenium.TimeoutException: Expected condition failed: waiting for io.appium.java_client.pagefactory.AppiumElementLocator$WaitingFunction@39a8312f (tried for 1 second(s) with 500 milliseconds interval)
at org.openqa.selenium.support.ui.FluentWait.timeoutException(FluentWait.java:304)
at org.openqa.selenium.support.ui.FluentWait.until(FluentWait.java:272)
at io.appium.java_client.pagefactory.AppiumElementLocator.waitFor(AppiumElementLocator.java:99)
at io.appium.java_client.pagefactory.AppiumElementLocator.findElement(AppiumElementLocator.java:119)
... 31 more
Caused by: org.openqa.selenium.NoSuchElementException: Cannot locate an element using By.chained({By.id: com.androidsample.generalstore:id/toolbar_title})
For documentation on this error, please visit: http://seleniumhq.org/exceptions/no_such_element.html
Build info: version: '3.141.5', revision: 'd54ebd709a', time: '2018-11-06T11:42:16'
System info: host: 'Nasar-MacBook-Air.local', ip: 'fe80:0:0:0:c2:621:a036:8001%en0', os.name: 'Mac OS X', os.arch: 'x86_64', os.version: '10.15.1', java.version: '1.8.0_212'
Driver info: driver.version: AndroidDriver
at io.appium.java_client.pagefactory.bys.builder.ByChained.findElement(ByChained.java:74)
at org.openqa.selenium.remote.RemoteWebDriver.findElement(RemoteWebDriver.java:315)
at io.appium.java_client.DefaultGenericMobileDriver.findElement(DefaultGenericMobileDriver.java:58)
at io.appium.java_client.AppiumDriver.findElement(AppiumDriver.java:1)
at io.appium.java_client.android.AndroidDriver.findElement(AndroidDriver.java:1)
at io.appium.java_client.pagefactory.bys.ContentMappedBy.findElement(ContentMappedBy.java:50)
at org.openqa.selenium.remote.RemoteWebDriver.findElement(RemoteWebDriver.java:315)
at io.appium.java_client.DefaultGenericMobileDriver.findElement(DefaultGenericMobileDriver.java:58)
at io.appium.java_client.AppiumDriver.findElement(AppiumDriver.java:1)
at io.appium.java_client.android.AndroidDriver.findElement(AndroidDriver.java:1)
at io.appium.java_client.pagefactory.AppiumElementLocator.lambda$0(AppiumElementLocator.java:120)
at io.appium.java_client.pagefactory.AppiumElementLocator$WaitingFunction.apply(AppiumElementLocator.java:172)
at io.appium.java_client.pagefactory.AppiumElementLocator$WaitingFunction.apply(AppiumElementLocator.java:1)
at org.openqa.selenium.support.ui.FluentWait.until(FluentWait.java:249)
... 33 more
]]>
            </full-stacktrace>
          </exception> <!-- org.openqa.selenium.NoSuchElementException -->
          <reporter-output>
          </reporter-output>
        </test-method> <!-- verify_App -->
        <test-method status="PASS" signature="verify_select_country_dropdown()[pri:1, instance:Appium_Andriod_Automation.LoginTest@4c40b76e]" name="verify_select_country_dropdown" duration-ms="2204" started-at="2022-06-13T18:49:42 IST" finished-at="2022-06-13T18:49:44 IST">
          <reporter-output>
          </reporter-output>
        </test-method> <!-- verify_select_country_dropdown -->
        <test-method status="PASS" signature="verify_name_field()[pri:2, instance:Appium_Andriod_Automation.LoginTest@4c40b76e]" name="verify_name_field" duration-ms="1300" started-at="2022-06-13T18:49:44 IST" finished-at="2022-06-13T18:49:46 IST">
          <reporter-output>
          </reporter-output>
        </test-method> <!-- verify_name_field -->
        <test-method status="PASS" signature="verify_gender_radio_button()[pri:3, instance:Appium_Andriod_Automation.LoginTest@4c40b76e]" name="verify_gender_radio_button" duration-ms="960" started-at="2022-06-13T18:49:46 IST" finished-at="2022-06-13T18:49:47 IST">
          <reporter-output>
          </reporter-output>
        </test-method> <!-- verify_gender_radio_button -->
        <test-method status="PASS" signature="verify_Lets_Shop_button()[pri:4, instance:Appium_Andriod_Automation.LoginTest@4c40b76e]" name="verify_Lets_Shop_button" duration-ms="1525" started-at="2022-06-13T18:49:47 IST" finished-at="2022-06-13T18:49:48 IST">
          <reporter-output>
          </reporter-output>
        </test-method> <!-- verify_Lets_Shop_button -->
        <test-method status="PASS" signature="AfterSuite()[pri:0, instance:Appium_Andriod_Automation.LoginTest@4c40b76e]" name="AfterSuite" is-config="true" duration-ms="1484" started-at="2022-06-13T18:50:32 IST" finished-at="2022-06-13T18:50:33 IST">
          <reporter-output>
          </reporter-output>
        </test-method> <!-- AfterSuite -->
      </class> <!-- Appium_Andriod_Automation.LoginTest -->
    </test> <!-- Test -->
  </suite> <!-- Suite -->
</testng-results>
